<?xml version="1.0" encoding="UTF-8"?>
<testsuites>
  <testsuite name="" tests="69" assertions="201" errors="0" warnings="0" failures="0" skipped="0" time="0.031548">
    <testsuite name="Unit Tests" tests="62" assertions="138" errors="0" warnings="0" failures="0" skipped="0" time="0.024459">
      <testsuite name="EightyFourEM\FileIntegrityChecker\Tests\Unit\ContainerTest" file="/home/andrew/workspace/84em/app/public/wp-content/plugins/84em-file-integrity-checker/tests/Unit/ContainerTest.php" tests="12" assertions="18" errors="0" warnings="0" failures="0" skipped="0" time="0.003357">
        <testcase name="testRegisterAndGetService" class="EightyFourEM\FileIntegrityChecker\Tests\Unit\ContainerTest" classname="EightyFourEM.FileIntegrityChecker.Tests.Unit.ContainerTest" file="/home/andrew/workspace/84em/app/public/wp-content/plugins/84em-file-integrity-checker/tests/Unit/ContainerTest.php" line="18" assertions="1" time="0.002115"/>
        <testcase name="testServiceIsSingleton" class="EightyFourEM\FileIntegrityChecker\Tests\Unit\ContainerTest" classname="EightyFourEM.FileIntegrityChecker.Tests.Unit.ContainerTest" file="/home/andrew/workspace/84em/app/public/wp-content/plugins/84em-file-integrity-checker/tests/Unit/ContainerTest.php" line="28" assertions="1" time="0.000169"/>
        <testcase name="testRegisterSingleton" class="EightyFourEM\FileIntegrityChecker\Tests\Unit\ContainerTest" classname="EightyFourEM.FileIntegrityChecker.Tests.Unit.ContainerTest" file="/home/andrew/workspace/84em/app/public/wp-content/plugins/84em-file-integrity-checker/tests/Unit/ContainerTest.php" line="39" assertions="1" time="0.000015"/>
        <testcase name="testHasService" class="EightyFourEM\FileIntegrityChecker\Tests\Unit\ContainerTest" classname="EightyFourEM.FileIntegrityChecker.Tests.Unit.ContainerTest" file="/home/andrew/workspace/84em/app/public/wp-content/plugins/84em-file-integrity-checker/tests/Unit/ContainerTest.php" line="48" assertions="2" time="0.000094"/>
        <testcase name="testHasSingleton" class="EightyFourEM\FileIntegrityChecker\Tests\Unit\ContainerTest" classname="EightyFourEM.FileIntegrityChecker.Tests.Unit.ContainerTest" file="/home/andrew/workspace/84em/app/public/wp-content/plugins/84em-file-integrity-checker/tests/Unit/ContainerTest.php" line="57" assertions="1" time="0.000011"/>
        <testcase name="testMakeCreatesNewInstance" class="EightyFourEM\FileIntegrityChecker\Tests\Unit\ContainerTest" classname="EightyFourEM.FileIntegrityChecker.Tests.Unit.ContainerTest" file="/home/andrew/workspace/84em/app/public/wp-content/plugins/84em-file-integrity-checker/tests/Unit/ContainerTest.php" line="63" assertions="1" time="0.000406"/>
        <testcase name="testDependencyInjection" class="EightyFourEM\FileIntegrityChecker\Tests\Unit\ContainerTest" classname="EightyFourEM.FileIntegrityChecker.Tests.Unit.ContainerTest" file="/home/andrew/workspace/84em/app/public/wp-content/plugins/84em-file-integrity-checker/tests/Unit/ContainerTest.php" line="74" assertions="3" time="0.000161"/>
        <testcase name="testGetThrowsExceptionForUnregisteredService" class="EightyFourEM\FileIntegrityChecker\Tests\Unit\ContainerTest" classname="EightyFourEM.FileIntegrityChecker.Tests.Unit.ContainerTest" file="/home/andrew/workspace/84em/app/public/wp-content/plugins/84em-file-integrity-checker/tests/Unit/ContainerTest.php" line="96" assertions="2" time="0.000336"/>
        <testcase name="testMakeThrowsExceptionForUnregisteredService" class="EightyFourEM\FileIntegrityChecker\Tests\Unit\ContainerTest" classname="EightyFourEM.FileIntegrityChecker.Tests.Unit.ContainerTest" file="/home/andrew/workspace/84em/app/public/wp-content/plugins/84em-file-integrity-checker/tests/Unit/ContainerTest.php" line="103" assertions="2" time="0.000020"/>
        <testcase name="testFactoryFunctionReceivesContainer" class="EightyFourEM\FileIntegrityChecker\Tests\Unit\ContainerTest" classname="EightyFourEM.FileIntegrityChecker.Tests.Unit.ContainerTest" file="/home/andrew/workspace/84em/app/public/wp-content/plugins/84em-file-integrity-checker/tests/Unit/ContainerTest.php" line="132" assertions="1" time="0.000011"/>
        <testcase name="testMultipleRegistrationsOverwrite" class="EightyFourEM\FileIntegrityChecker\Tests\Unit\ContainerTest" classname="EightyFourEM.FileIntegrityChecker.Tests.Unit.ContainerTest" file="/home/andrew/workspace/84em/app/public/wp-content/plugins/84em-file-integrity-checker/tests/Unit/ContainerTest.php" line="145" assertions="1" time="0.000010"/>
        <testcase name="testSingletonOverridesFactory" class="EightyFourEM\FileIntegrityChecker\Tests\Unit\ContainerTest" classname="EightyFourEM.FileIntegrityChecker.Tests.Unit.ContainerTest" file="/home/andrew/workspace/84em/app/public/wp-content/plugins/84em-file-integrity-checker/tests/Unit/ContainerTest.php" line="165" assertions="2" time="0.000009"/>
      </testsuite>
      <testsuite name="EightyFourEM\FileIntegrityChecker\Tests\Unit\Scanner\ChecksumGeneratorTest" file="/home/andrew/workspace/84em/app/public/wp-content/plugins/84em-file-integrity-checker/tests/Unit/Scanner/ChecksumGeneratorTest.php" tests="12" assertions="22" errors="0" warnings="0" failures="0" skipped="0" time="0.007785">
        <testcase name="testGenerateChecksumForValidFile" class="EightyFourEM\FileIntegrityChecker\Tests\Unit\Scanner\ChecksumGeneratorTest" classname="EightyFourEM.FileIntegrityChecker.Tests.Unit.Scanner.ChecksumGeneratorTest" file="/home/andrew/workspace/84em/app/public/wp-content/plugins/84em-file-integrity-checker/tests/Unit/Scanner/ChecksumGeneratorTest.php" line="34" assertions="3" time="0.005428"/>
        <testcase name="testGenerateChecksumForNonexistentFile" class="EightyFourEM\FileIntegrityChecker\Tests\Unit\Scanner\ChecksumGeneratorTest" classname="EightyFourEM.FileIntegrityChecker.Tests.Unit.Scanner.ChecksumGeneratorTest" file="/home/andrew/workspace/84em/app/public/wp-content/plugins/84em-file-integrity-checker/tests/Unit/Scanner/ChecksumGeneratorTest.php" line="42" assertions="1" time="0.000099"/>
        <testcase name="testGenerateChecksumConsistency" class="EightyFourEM\FileIntegrityChecker\Tests\Unit\Scanner\ChecksumGeneratorTest" classname="EightyFourEM.FileIntegrityChecker.Tests.Unit.Scanner.ChecksumGeneratorTest" file="/home/andrew/workspace/84em/app/public/wp-content/plugins/84em-file-integrity-checker/tests/Unit/Scanner/ChecksumGeneratorTest.php" line="48" assertions="1" time="0.000083"/>
        <testcase name="testGenerateChecksumDetectsChanges" class="EightyFourEM\FileIntegrityChecker\Tests\Unit\Scanner\ChecksumGeneratorTest" classname="EightyFourEM.FileIntegrityChecker.Tests.Unit.Scanner.ChecksumGeneratorTest" file="/home/andrew/workspace/84em/app/public/wp-content/plugins/84em-file-integrity-checker/tests/Unit/Scanner/ChecksumGeneratorTest.php" line="55" assertions="1" time="0.000443"/>
        <testcase name="testGenerateBatchChecksums" class="EightyFourEM\FileIntegrityChecker\Tests\Unit\Scanner\ChecksumGeneratorTest" classname="EightyFourEM.FileIntegrityChecker.Tests.Unit.Scanner.ChecksumGeneratorTest" file="/home/andrew/workspace/84em/app/public/wp-content/plugins/84em-file-integrity-checker/tests/Unit/Scanner/ChecksumGeneratorTest.php" line="66" assertions="7" time="0.000632"/>
        <testcase name="testVerifyChecksumCorrect" class="EightyFourEM\FileIntegrityChecker\Tests\Unit\Scanner\ChecksumGeneratorTest" classname="EightyFourEM.FileIntegrityChecker.Tests.Unit.Scanner.ChecksumGeneratorTest" file="/home/andrew/workspace/84em/app/public/wp-content/plugins/84em-file-integrity-checker/tests/Unit/Scanner/ChecksumGeneratorTest.php" line="90" assertions="1" time="0.000114"/>
        <testcase name="testVerifyChecksumIncorrect" class="EightyFourEM\FileIntegrityChecker\Tests\Unit\Scanner\ChecksumGeneratorTest" classname="EightyFourEM.FileIntegrityChecker.Tests.Unit.Scanner.ChecksumGeneratorTest" file="/home/andrew/workspace/84em/app/public/wp-content/plugins/84em-file-integrity-checker/tests/Unit/Scanner/ChecksumGeneratorTest.php" line="98" assertions="1" time="0.000080"/>
        <testcase name="testGetHashAlgorithm" class="EightyFourEM\FileIntegrityChecker\Tests\Unit\Scanner\ChecksumGeneratorTest" classname="EightyFourEM.FileIntegrityChecker.Tests.Unit.Scanner.ChecksumGeneratorTest" file="/home/andrew/workspace/84em/app/public/wp-content/plugins/84em-file-integrity-checker/tests/Unit/Scanner/ChecksumGeneratorTest.php" line="106" assertions="1" time="0.000069"/>
        <testcase name="testIsAlgorithmSupported" class="EightyFourEM\FileIntegrityChecker\Tests\Unit\Scanner\ChecksumGeneratorTest" classname="EightyFourEM.FileIntegrityChecker.Tests.Unit.Scanner.ChecksumGeneratorTest" file="/home/andrew/workspace/84em/app/public/wp-content/plugins/84em-file-integrity-checker/tests/Unit/Scanner/ChecksumGeneratorTest.php" line="112" assertions="1" time="0.000074"/>
        <testcase name="testGetSupportedAlgorithms" class="EightyFourEM\FileIntegrityChecker\Tests\Unit\Scanner\ChecksumGeneratorTest" classname="EightyFourEM.FileIntegrityChecker.Tests.Unit.Scanner.ChecksumGeneratorTest" file="/home/andrew/workspace/84em/app/public/wp-content/plugins/84em-file-integrity-checker/tests/Unit/Scanner/ChecksumGeneratorTest.php" line="118" assertions="2" time="0.000218"/>
        <testcase name="testGenerateChecksumForEmptyFile" class="EightyFourEM\FileIntegrityChecker\Tests\Unit\Scanner\ChecksumGeneratorTest" classname="EightyFourEM.FileIntegrityChecker.Tests.Unit.Scanner.ChecksumGeneratorTest" file="/home/andrew/workspace/84em/app/public/wp-content/plugins/84em-file-integrity-checker/tests/Unit/Scanner/ChecksumGeneratorTest.php" line="125" assertions="1" time="0.000088"/>
        <testcase name="testBatchChecksumHandlesNonexistentFiles" class="EightyFourEM\FileIntegrityChecker\Tests\Unit\Scanner\ChecksumGeneratorTest" classname="EightyFourEM.FileIntegrityChecker.Tests.Unit.Scanner.ChecksumGeneratorTest" file="/home/andrew/workspace/84em/app/public/wp-content/plugins/84em-file-integrity-checker/tests/Unit/Scanner/ChecksumGeneratorTest.php" line="137" assertions="2" time="0.000458"/>
      </testsuite>
      <testsuite name="EightyFourEM\FileIntegrityChecker\Tests\Unit\Services\EncryptionServiceTest" file="/home/andrew/workspace/84em/app/public/wp-content/plugins/84em-file-integrity-checker/tests/Unit/Services/EncryptionServiceTest.php" tests="12" assertions="33" errors="0" warnings="0" failures="0" skipped="0" time="0.006611">
        <testcase name="testEncryptionIsAvailable" class="EightyFourEM\FileIntegrityChecker\Tests\Unit\Services\EncryptionServiceTest" classname="EightyFourEM.FileIntegrityChecker.Tests.Unit.Services.EncryptionServiceTest" file="/home/andrew/workspace/84em/app/public/wp-content/plugins/84em-file-integrity-checker/tests/Unit/Services/EncryptionServiceTest.php" line="62" assertions="1" time="0.001171"/>
        <testcase name="testEncryptDecrypt" class="EightyFourEM\FileIntegrityChecker\Tests\Unit\Services\EncryptionServiceTest" classname="EightyFourEM.FileIntegrityChecker.Tests.Unit.Services.EncryptionServiceTest" file="/home/andrew/workspace/84em/app/public/wp-content/plugins/84em-file-integrity-checker/tests/Unit/Services/EncryptionServiceTest.php" line="72" assertions="5" time="0.000148"/>
        <testcase name="testEncryptEmptyData" class="EightyFourEM\FileIntegrityChecker\Tests\Unit\Services\EncryptionServiceTest" classname="EightyFourEM.FileIntegrityChecker.Tests.Unit.Services.EncryptionServiceTest" file="/home/andrew/workspace/84em/app/public/wp-content/plugins/84em-file-integrity-checker/tests/Unit/Services/EncryptionServiceTest.php" line="92" assertions="2" time="0.000033"/>
        <testcase name="testEncryptLargeData" class="EightyFourEM\FileIntegrityChecker\Tests\Unit\Services\EncryptionServiceTest" classname="EightyFourEM.FileIntegrityChecker.Tests.Unit.Services.EncryptionServiceTest" file="/home/andrew/workspace/84em/app/public/wp-content/plugins/84em-file-integrity-checker/tests/Unit/Services/EncryptionServiceTest.php" line="104" assertions="2" time="0.004640"/>
        <testcase name="testEncryptBinaryData" class="EightyFourEM\FileIntegrityChecker\Tests\Unit\Services\EncryptionServiceTest" classname="EightyFourEM.FileIntegrityChecker.Tests.Unit.Services.EncryptionServiceTest" file="/home/andrew/workspace/84em/app/public/wp-content/plugins/84em-file-integrity-checker/tests/Unit/Services/EncryptionServiceTest.php" line="119" assertions="2" time="0.000093"/>
        <testcase name="testEncryptionRandomness" class="EightyFourEM\FileIntegrityChecker\Tests\Unit\Services\EncryptionServiceTest" classname="EightyFourEM.FileIntegrityChecker.Tests.Unit.Services.EncryptionServiceTest" file="/home/andrew/workspace/84em/app/public/wp-content/plugins/84em-file-integrity-checker/tests/Unit/Services/EncryptionServiceTest.php" line="137" assertions="2" time="0.000073"/>
        <testcase name="testDecryptInvalidData" class="EightyFourEM\FileIntegrityChecker\Tests\Unit\Services\EncryptionServiceTest" classname="EightyFourEM.FileIntegrityChecker.Tests.Unit.Services.EncryptionServiceTest" file="/home/andrew/workspace/84em/app/public/wp-content/plugins/84em-file-integrity-checker/tests/Unit/Services/EncryptionServiceTest.php" line="160" assertions="3" time="0.000037"/>
        <testcase name="testTamperDetection" class="EightyFourEM\FileIntegrityChecker\Tests\Unit\Services\EncryptionServiceTest" classname="EightyFourEM.FileIntegrityChecker.Tests.Unit.Services.EncryptionServiceTest" file="/home/andrew/workspace/84em/app/public/wp-content/plugins/84em-file-integrity-checker/tests/Unit/Services/EncryptionServiceTest.php" line="178" assertions="1" time="0.000030"/>
        <testcase name="testGetStatistics" class="EightyFourEM\FileIntegrityChecker\Tests\Unit\Services\EncryptionServiceTest" classname="EightyFourEM.FileIntegrityChecker.Tests.Unit.Services.EncryptionServiceTest" file="/home/andrew/workspace/84em/app/public/wp-content/plugins/84em-file-integrity-checker/tests/Unit/Services/EncryptionServiceTest.php" line="203" assertions="10" time="0.000274"/>
        <testcase name="testSelfTest" class="EightyFourEM\FileIntegrityChecker\Tests\Unit\Services\EncryptionServiceTest" classname="EightyFourEM.FileIntegrityChecker.Tests.Unit.Services.EncryptionServiceTest" file="/home/andrew/workspace/84em/app/public/wp-content/plugins/84em-file-integrity-checker/tests/Unit/Services/EncryptionServiceTest.php" line="222" assertions="1" time="0.000040"/>
        <testcase name="testEncryptSpecialCharacters" class="EightyFourEM\FileIntegrityChecker\Tests\Unit\Services\EncryptionServiceTest" classname="EightyFourEM.FileIntegrityChecker.Tests.Unit.Services.EncryptionServiceTest" file="/home/andrew/workspace/84em/app/public/wp-content/plugins/84em-file-integrity-checker/tests/Unit/Services/EncryptionServiceTest.php" line="234" assertions="2" time="0.000028"/>
        <testcase name="testEncryptUtf8Data" class="EightyFourEM\FileIntegrityChecker\Tests\Unit\Services\EncryptionServiceTest" classname="EightyFourEM.FileIntegrityChecker.Tests.Unit.Services.EncryptionServiceTest" file="/home/andrew/workspace/84em/app/public/wp-content/plugins/84em-file-integrity-checker/tests/Unit/Services/EncryptionServiceTest.php" line="247" assertions="2" time="0.000045"/>
      </testsuite>
      <testsuite name="EightyFourEM\FileIntegrityChecker\Tests\Unit\Services\NotificationServiceTest" file="/home/andrew/workspace/84em/app/public/wp-content/plugins/84em-file-integrity-checker/tests/Unit/Services/NotificationServiceTest.php" tests="2" assertions="14" errors="0" warnings="0" failures="0" skipped="0" time="0.006345">
        <testcase name="testResendEmailNotificationOnlySendsEmail" class="EightyFourEM\FileIntegrityChecker\Tests\Unit\Services\NotificationServiceTest" classname="EightyFourEM.FileIntegrityChecker.Tests.Unit.Services.NotificationServiceTest" file="/home/andrew/workspace/84em/app/public/wp-content/plugins/84em-file-integrity-checker/tests/Unit/Services/NotificationServiceTest.php" line="43" assertions="7" time="0.006151"/>
        <testcase name="testResendSlackNotificationOnlySendsSlack" class="EightyFourEM\FileIntegrityChecker\Tests\Unit\Services\NotificationServiceTest" classname="EightyFourEM.FileIntegrityChecker.Tests.Unit.Services.NotificationServiceTest" file="/home/andrew/workspace/84em/app/public/wp-content/plugins/84em-file-integrity-checker/tests/Unit/Services/NotificationServiceTest.php" line="131" assertions="7" time="0.000194"/>
      </testsuite>
      <testsuite name="EightyFourEM\FileIntegrityChecker\Tests\Unit\Services\SettingsServiceTest" file="/home/andrew/workspace/84em/app/public/wp-content/plugins/84em-file-integrity-checker/tests/Unit/Services/SettingsServiceTest.php" tests="24" assertions="51" errors="0" warnings="0" failures="0" skipped="0" time="0.000360">
        <testcase name="testGetScanFileTypesDefault" class="EightyFourEM\FileIntegrityChecker\Tests\Unit\Services\SettingsServiceTest" classname="EightyFourEM.FileIntegrityChecker.Tests.Unit.Services.SettingsServiceTest" file="/home/andrew/workspace/84em/app/public/wp-content/plugins/84em-file-integrity-checker/tests/Unit/Services/SettingsServiceTest.php" line="31" assertions="1" time="0.000015"/>
        <testcase name="testSetScanFileTypes" class="EightyFourEM\FileIntegrityChecker\Tests\Unit\Services\SettingsServiceTest" classname="EightyFourEM.FileIntegrityChecker.Tests.Unit.Services.SettingsServiceTest" file="/home/andrew/workspace/84em/app/public/wp-content/plugins/84em-file-integrity-checker/tests/Unit/Services/SettingsServiceTest.php" line="37" assertions="2" time="0.000031"/>
        <testcase name="testSetScanFileTypesNormalizesDotPrefix" class="EightyFourEM\FileIntegrityChecker\Tests\Unit\Services\SettingsServiceTest" classname="EightyFourEM.FileIntegrityChecker.Tests.Unit.Services.SettingsServiceTest" file="/home/andrew/workspace/84em/app/public/wp-content/plugins/84em-file-integrity-checker/tests/Unit/Services/SettingsServiceTest.php" line="46" assertions="1" time="0.000010"/>
        <testcase name="testSetScanFileTypesRemovesDuplicates" class="EightyFourEM\FileIntegrityChecker\Tests\Unit\Services\SettingsServiceTest" classname="EightyFourEM.FileIntegrityChecker.Tests.Unit.Services.SettingsServiceTest" file="/home/andrew/workspace/84em/app/public/wp-content/plugins/84em-file-integrity-checker/tests/Unit/Services/SettingsServiceTest.php" line="55" assertions="1" time="0.000014"/>
        <testcase name="testGetScanIntervalDefault" class="EightyFourEM\FileIntegrityChecker\Tests\Unit\Services\SettingsServiceTest" classname="EightyFourEM.FileIntegrityChecker.Tests.Unit.Services.SettingsServiceTest" file="/home/andrew/workspace/84em/app/public/wp-content/plugins/84em-file-integrity-checker/tests/Unit/Services/SettingsServiceTest.php" line="65" assertions="1" time="0.000008"/>
        <testcase name="testSetScanIntervalValid" class="EightyFourEM\FileIntegrityChecker\Tests\Unit\Services\SettingsServiceTest" classname="EightyFourEM.FileIntegrityChecker.Tests.Unit.Services.SettingsServiceTest" file="/home/andrew/workspace/84em/app/public/wp-content/plugins/84em-file-integrity-checker/tests/Unit/Services/SettingsServiceTest.php" line="71" assertions="2" time="0.000008"/>
        <testcase name="testSetScanIntervalInvalid" class="EightyFourEM\FileIntegrityChecker\Tests\Unit\Services\SettingsServiceTest" classname="EightyFourEM.FileIntegrityChecker.Tests.Unit.Services.SettingsServiceTest" file="/home/andrew/workspace/84em/app/public/wp-content/plugins/84em-file-integrity-checker/tests/Unit/Services/SettingsServiceTest.php" line="78" assertions="2" time="0.000008"/>
        <testcase name="testGetExcludePatternsDefault" class="EightyFourEM\FileIntegrityChecker\Tests\Unit\Services\SettingsServiceTest" classname="EightyFourEM.FileIntegrityChecker.Tests.Unit.Services.SettingsServiceTest" file="/home/andrew/workspace/84em/app/public/wp-content/plugins/84em-file-integrity-checker/tests/Unit/Services/SettingsServiceTest.php" line="86" assertions="1" time="0.000008"/>
        <testcase name="testSetExcludePatterns" class="EightyFourEM\FileIntegrityChecker\Tests\Unit\Services\SettingsServiceTest" classname="EightyFourEM.FileIntegrityChecker.Tests.Unit.Services.SettingsServiceTest" file="/home/andrew/workspace/84em/app/public/wp-content/plugins/84em-file-integrity-checker/tests/Unit/Services/SettingsServiceTest.php" line="103" assertions="2" time="0.000009"/>
        <testcase name="testSetExcludePatternsFiltersEmpty" class="EightyFourEM\FileIntegrityChecker\Tests\Unit\Services\SettingsServiceTest" classname="EightyFourEM.FileIntegrityChecker.Tests.Unit.Services.SettingsServiceTest" file="/home/andrew/workspace/84em/app/public/wp-content/plugins/84em-file-integrity-checker/tests/Unit/Services/SettingsServiceTest.php" line="112" assertions="1" time="0.000008"/>
        <testcase name="testGetMaxFileSizeDefault" class="EightyFourEM\FileIntegrityChecker\Tests\Unit\Services\SettingsServiceTest" classname="EightyFourEM.FileIntegrityChecker.Tests.Unit.Services.SettingsServiceTest" file="/home/andrew/workspace/84em/app/public/wp-content/plugins/84em-file-integrity-checker/tests/Unit/Services/SettingsServiceTest.php" line="122" assertions="1" time="0.000007"/>
        <testcase name="testSetMaxFileSizeValid" class="EightyFourEM\FileIntegrityChecker\Tests\Unit\Services\SettingsServiceTest" classname="EightyFourEM.FileIntegrityChecker.Tests.Unit.Services.SettingsServiceTest" file="/home/andrew/workspace/84em/app/public/wp-content/plugins/84em-file-integrity-checker/tests/Unit/Services/SettingsServiceTest.php" line="128" assertions="2" time="0.000008"/>
        <testcase name="testSetMaxFileSizeInvalid" class="EightyFourEM\FileIntegrityChecker\Tests\Unit\Services\SettingsServiceTest" classname="EightyFourEM.FileIntegrityChecker.Tests.Unit.Services.SettingsServiceTest" file="/home/andrew/workspace/84em/app/public/wp-content/plugins/84em-file-integrity-checker/tests/Unit/Services/SettingsServiceTest.php" line="137" assertions="3" time="0.000022"/>
        <testcase name="testIsNotificationEnabledDefault" class="EightyFourEM\FileIntegrityChecker\Tests\Unit\Services\SettingsServiceTest" classname="EightyFourEM.FileIntegrityChecker.Tests.Unit.Services.SettingsServiceTest" file="/home/andrew/workspace/84em/app/public/wp-content/plugins/84em-file-integrity-checker/tests/Unit/Services/SettingsServiceTest.php" line="151" assertions="1" time="0.000007"/>
        <testcase name="testSetNotificationEnabled" class="EightyFourEM\FileIntegrityChecker\Tests\Unit\Services\SettingsServiceTest" classname="EightyFourEM.FileIntegrityChecker.Tests.Unit.Services.SettingsServiceTest" file="/home/andrew/workspace/84em/app/public/wp-content/plugins/84em-file-integrity-checker/tests/Unit/Services/SettingsServiceTest.php" line="157" assertions="2" time="0.000008"/>
        <testcase name="testSetNotificationEmailValid" class="EightyFourEM\FileIntegrityChecker\Tests\Unit\Services\SettingsServiceTest" classname="EightyFourEM.FileIntegrityChecker.Tests.Unit.Services.SettingsServiceTest" file="/home/andrew/workspace/84em/app/public/wp-content/plugins/84em-file-integrity-checker/tests/Unit/Services/SettingsServiceTest.php" line="164" assertions="2" time="0.000109"/>
        <testcase name="testSetNotificationEmailInvalid" class="EightyFourEM\FileIntegrityChecker\Tests\Unit\Services\SettingsServiceTest" classname="EightyFourEM.FileIntegrityChecker.Tests.Unit.Services.SettingsServiceTest" file="/home/andrew/workspace/84em/app/public/wp-content/plugins/84em-file-integrity-checker/tests/Unit/Services/SettingsServiceTest.php" line="173" assertions="1" time="0.000009"/>
        <testcase name="testGetRetentionPeriodDefault" class="EightyFourEM\FileIntegrityChecker\Tests\Unit\Services\SettingsServiceTest" classname="EightyFourEM.FileIntegrityChecker.Tests.Unit.Services.SettingsServiceTest" file="/home/andrew/workspace/84em/app/public/wp-content/plugins/84em-file-integrity-checker/tests/Unit/Services/SettingsServiceTest.php" line="179" assertions="1" time="0.000008"/>
        <testcase name="testSetRetentionPeriodValid" class="EightyFourEM\FileIntegrityChecker\Tests\Unit\Services\SettingsServiceTest" classname="EightyFourEM.FileIntegrityChecker.Tests.Unit.Services.SettingsServiceTest" file="/home/andrew/workspace/84em/app/public/wp-content/plugins/84em-file-integrity-checker/tests/Unit/Services/SettingsServiceTest.php" line="185" assertions="2" time="0.000008"/>
        <testcase name="testSetRetentionPeriodInvalid" class="EightyFourEM\FileIntegrityChecker\Tests\Unit\Services\SettingsServiceTest" classname="EightyFourEM.FileIntegrityChecker.Tests.Unit.Services.SettingsServiceTest" file="/home/andrew/workspace/84em/app/public/wp-content/plugins/84em-file-integrity-checker/tests/Unit/Services/SettingsServiceTest.php" line="194" assertions="2" time="0.000007"/>
        <testcase name="testGetAllSettings" class="EightyFourEM\FileIntegrityChecker\Tests\Unit\Services\SettingsServiceTest" classname="EightyFourEM.FileIntegrityChecker.Tests.Unit.Services.SettingsServiceTest" file="/home/andrew/workspace/84em/app/public/wp-content/plugins/84em-file-integrity-checker/tests/Unit/Services/SettingsServiceTest.php" line="204" assertions="8" time="0.000016"/>
        <testcase name="testUpdateSettings" class="EightyFourEM\FileIntegrityChecker\Tests\Unit\Services\SettingsServiceTest" classname="EightyFourEM.FileIntegrityChecker.Tests.Unit.Services.SettingsServiceTest" file="/home/andrew/workspace/84em/app/public/wp-content/plugins/84em-file-integrity-checker/tests/Unit/Services/SettingsServiceTest.php" line="217" assertions="6" time="0.000011"/>
        <testcase name="testUpdateSettingsPartialFailure" class="EightyFourEM\FileIntegrityChecker\Tests\Unit\Services\SettingsServiceTest" classname="EightyFourEM.FileIntegrityChecker.Tests.Unit.Services.SettingsServiceTest" file="/home/andrew/workspace/84em/app/public/wp-content/plugins/84em-file-integrity-checker/tests/Unit/Services/SettingsServiceTest.php" line="236" assertions="3" time="0.000009"/>
        <testcase name="testResetToDefaults" class="EightyFourEM\FileIntegrityChecker\Tests\Unit\Services\SettingsServiceTest" classname="EightyFourEM.FileIntegrityChecker.Tests.Unit.Services.SettingsServiceTest" file="/home/andrew/workspace/84em/app/public/wp-content/plugins/84em-file-integrity-checker/tests/Unit/Services/SettingsServiceTest.php" line="250" assertions="3" time="0.000011"/>
      </testsuite>
    </testsuite>
    <testsuite name="Integration Tests" tests="7" assertions="63" errors="0" warnings="0" failures="0" skipped="0" time="0.007089">
      <testsuite name="EightyFourEM\FileIntegrityChecker\Tests\Integration\FileScannerIntegrationTest" file="/home/andrew/workspace/84em/app/public/wp-content/plugins/84em-file-integrity-checker/tests/Integration/FileScannerIntegrationTest.php" tests="7" assertions="63" errors="0" warnings="0" failures="0" skipped="0" time="0.007089">
        <testcase name="testScanDirectoryFindsAllFiles" class="EightyFourEM\FileIntegrityChecker\Tests\Integration\FileScannerIntegrationTest" classname="EightyFourEM.FileIntegrityChecker.Tests.Integration.FileScannerIntegrationTest" file="/home/andrew/workspace/84em/app/public/wp-content/plugins/84em-file-integrity-checker/tests/Integration/FileScannerIntegrationTest.php" line="96" assertions="5" time="0.003075"/>
        <testcase name="testScanDirectoryFileStructure" class="EightyFourEM\FileIntegrityChecker\Tests\Integration\FileScannerIntegrationTest" classname="EightyFourEM.FileIntegrityChecker.Tests.Integration.FileScannerIntegrationTest" file="/home/andrew/workspace/84em/app/public/wp-content/plugins/84em-file-integrity-checker/tests/Integration/FileScannerIntegrationTest.php" line="115" assertions="40" time="0.000578"/>
        <testcase name="testCompareScansDetectsNewFiles" class="EightyFourEM\FileIntegrityChecker\Tests\Integration\FileScannerIntegrationTest" classname="EightyFourEM.FileIntegrityChecker.Tests.Integration.FileScannerIntegrationTest" file="/home/andrew/workspace/84em/app/public/wp-content/plugins/84em-file-integrity-checker/tests/Integration/FileScannerIntegrationTest.php" line="133" assertions="2" time="0.000942"/>
        <testcase name="testCompareScansDetectsChangedFiles" class="EightyFourEM\FileIntegrityChecker\Tests\Integration\FileScannerIntegrationTest" classname="EightyFourEM.FileIntegrityChecker.Tests.Integration.FileScannerIntegrationTest" file="/home/andrew/workspace/84em/app/public/wp-content/plugins/84em-file-integrity-checker/tests/Integration/FileScannerIntegrationTest.php" line="167" assertions="3" time="0.000861"/>
        <testcase name="testCompareScansDetectsDeletedFiles" class="EightyFourEM\FileIntegrityChecker\Tests\Integration\FileScannerIntegrationTest" classname="EightyFourEM.FileIntegrityChecker.Tests.Integration.FileScannerIntegrationTest" file="/home/andrew/workspace/84em/app/public/wp-content/plugins/84em-file-integrity-checker/tests/Integration/FileScannerIntegrationTest.php" line="201" assertions="3" time="0.000727"/>
        <testcase name="testGetStatistics" class="EightyFourEM\FileIntegrityChecker\Tests\Integration\FileScannerIntegrationTest" classname="EightyFourEM.FileIntegrityChecker.Tests.Integration.FileScannerIntegrationTest" file="/home/andrew/workspace/84em/app/public/wp-content/plugins/84em-file-integrity-checker/tests/Integration/FileScannerIntegrationTest.php" line="235" assertions="6" time="0.000359"/>
        <testcase name="testProgressCallback" class="EightyFourEM\FileIntegrityChecker\Tests\Integration\FileScannerIntegrationTest" classname="EightyFourEM.FileIntegrityChecker.Tests.Integration.FileScannerIntegrationTest" file="/home/andrew/workspace/84em/app/public/wp-content/plugins/84em-file-integrity-checker/tests/Integration/FileScannerIntegrationTest.php" line="277" assertions="4" time="0.000548"/>
      </testsuite>
    </testsuite>
  </testsuite>
</testsuites>
